Using pre-set license
Built from '2020.3/staging' branch; Version is '2020.3.5f1 (8095aa901b9b) revision 8426922'; Using compiler version '192528614'; Build Type 'Release'
OS: 'Windows 10 Home Single Language; OS build 19042.928; Version 2009; 64bit' Language: 'tr' Physical Memory: 16322 MB
BatchMode: 1, IsHumanControllingUs: 0, StartBugReporterOnCrash: 0, Is64bit: 1, IsPro: 0

 COMMAND LINE ARGUMENTS:
C:\Program Files\Unity\Hub\Editor\2020.3.5f1\Editor\Unity.exe
-adb2
-batchMode
-noUpm
-name
AssetImportWorker0
-projectPath
C:/Users/Pedudi/Documents/GitHub/BasketballGame_Salih
-logFile
Logs/AssetImportWorker0.log
-srvPort
54612
Successfully changed project path to: C:/Users/Pedudi/Documents/GitHub/BasketballGame_Salih
C:/Users/Pedudi/Documents/GitHub/BasketballGame_Salih
Using Asset Import Pipeline V2.
Refreshing native plugins compatible for Editor in 36.54 ms, found 0 plugins.
Preloading 0 native plugins for Editor in 0.00 ms.
Initialize engine version: 2020.3.5f1 (8095aa901b9b)
[Subsystems] Discovering subsystems at path C:/Program Files/Unity/Hub/Editor/2020.3.5f1/Editor/Data/Resources/UnitySubsystems
[Subsystems] Discovering subsystems at path C:/Users/Pedudi/Documents/GitHub/BasketballGame_Salih/Assets
GfxDevice: creating device client; threaded=0
Direct3D:
    Version:  Direct3D 11.0 [level 11.1]
    Renderer: NVIDIA GeForce RTX 2080 (ID=0x1ed0)
    Vendor:   
    VRAM:     8010 MB
    Driver:   27.21.14.6172
Initialize mono
Mono path[0] = 'C:/Program Files/Unity/Hub/Editor/2020.3.5f1/Editor/Data/Managed'
Mono path[1] = 'C:/Program Files/Unity/Hub/Editor/2020.3.5f1/Editor/Data/MonoBleedingEdge/lib/mono/unityjit'
Mono config path = 'C:/Program Files/Unity/Hub/Editor/2020.3.5f1/Editor/Data/MonoBleedingEdge/etc'
Using monoOptions --debugger-agent=transport=dt_socket,embedding=1,server=y,suspend=n,address=127.0.0.1:56576
Begin MonoManager ReloadAssembly
Registering precompiled unity dll's ...
Register platform support module: C:/Program Files/Unity/Hub/Editor/2020.3.5f1/Editor/Data/PlaybackEngines/WindowsStandaloneSupport/UnityEditor.WindowsStandalone.Extensions.dll
Registered in 0.002105 seconds.
Native extension for WindowsStandalone target not found
Refreshing native plugins compatible for Editor in 29.39 ms, found 0 plugins.
Preloading 0 native plugins for Editor in 0.00 ms.
Mono: successfully reloaded assembly
- Completed reload, in  1.569 seconds
Platform modules already initialized, skipping
Registering precompiled user dll's ...
Registered in 0.002477 seconds.
Begin MonoManager ReloadAssembly
Native extension for WindowsStandalone target not found
Refreshing native plugins compatible for Editor in 0.32 ms, found 0 plugins.
Preloading 0 native plugins for Editor in 0.00 ms.
Mono: successfully reloaded assembly
- Completed reload, in  0.687 seconds
Platform modules already initialized, skipping
========================================================================
Worker process is ready to serve import requests
Launched and connected shader compiler UnityShaderCompiler.exe after 0.04 seconds
Refreshing native plugins compatible for Editor in 0.33 ms, found 0 plugins.
Preloading 0 native plugins for Editor in 0.00 ms.
Unloading 1411 Unused Serialized files (Serialized files now loaded: 0)
System memory in use before: 79.5 MB.
System memory in use after: 79.5 MB.

Unloading 33 unused Assets to reduce memory usage. Loaded Objects now: 1860.
Total: 1.673700 ms (FindLiveObjects: 0.135800 ms CreateObjectMapping: 0.038200 ms MarkObjects: 1.435300 ms  DeleteObjects: 0.062600 ms)

========================================================================
Received Import Request.
  path: Assets/Resources/Audio/Ball_hit_ground.mp3
  artifactKey: Guid(95bd6e15194a17248b5cc47beb9ef9b7) Importer(815301076,1909f56bfc062723c751e8b465ee728b)
Start importing Assets/Resources/Audio/Ball_hit_ground.mp3 using Guid(95bd6e15194a17248b5cc47beb9ef9b7) Importer(815301076,1909f56bfc062723c751e8b465ee728b)  -> (artifact id: 'd923210ee04707425ca9848bd9096191') in 0.075986 seconds
  Import took 0.077965 seconds .

========================================================================
Received Import Request.
  Time since last request: 7.063925 seconds.
  path: Assets/Script/Controller/AudioController.cs
  artifactKey: Guid(868b73c86d187ea44bacad46f22c0da4) Importer(815301076,1909f56bfc062723c751e8b465ee728b)
Start importing Assets/Script/Controller/AudioController.cs using Guid(868b73c86d187ea44bacad46f22c0da4) Importer(815301076,1909f56bfc062723c751e8b465ee728b)  -> (artifact id: 'c9b208bb988568bb0c6309f8b81c3bf6') in 0.005498 seconds
  Import took 0.007415 seconds .

========================================================================
Received Import Request.
  Time since last request: 0.020280 seconds.
  path: Assets/Script/Controller/AudioController.cs
  artifactKey: Guid(868b73c86d187ea44bacad46f22c0da4) Importer(815301076,1909f56bfc062723c751e8b465ee728b)
Start importing Assets/Script/Controller/AudioController.cs using Guid(868b73c86d187ea44bacad46f22c0da4) Importer(815301076,1909f56bfc062723c751e8b465ee728b)  -> (artifact id: 'c9b208bb988568bb0c6309f8b81c3bf6') in 0.001603 seconds
  Import took 0.003545 seconds .

========================================================================
Received Import Request.
  Time since last request: 74.364932 seconds.
  path: Assets/Script/Controller/AudioController.cs
  artifactKey: Guid(868b73c86d187ea44bacad46f22c0da4) Importer(815301076,1909f56bfc062723c751e8b465ee728b)
Start importing Assets/Script/Controller/AudioController.cs using Guid(868b73c86d187ea44bacad46f22c0da4) Importer(815301076,1909f56bfc062723c751e8b465ee728b)  -> (artifact id: '124db45b5b85d522a3c3ba218e4e209a') in 0.001870 seconds
  Import took 0.003983 seconds .

========================================================================
Received Prepare
Registering precompiled user dll's ...
Registered in 0.002153 seconds.
Begin MonoManager ReloadAssembly
Native extension for WindowsStandalone target not found
Refreshing native plugins compatible for Editor in 0.32 ms, found 0 plugins.
Preloading 0 native plugins for Editor in 0.00 ms.
Mono: successfully reloaded assembly
- Completed reload, in  0.749 seconds
Platform modules already initialized, skipping
Switching build target platform(5) subTarget(0) extendedPlatform(0) -> platform(13) subTarget(537395200) extendedPlatform(0)
Refreshing native plugins compatible for Editor in 0.32 ms, found 0 plugins.
Preloading 0 native plugins for Editor in 0.00 ms.
Unloading 1404 Unused Serialized files (Serialized files now loaded: 0)
System memory in use before: 82.0 MB.
System memory in use after: 82.1 MB.

Unloading 24 unused Assets to reduce memory usage. Loaded Objects now: 1872.
Total: 1.367700 ms (FindLiveObjects: 0.127500 ms CreateObjectMapping: 0.036500 ms MarkObjects: 1.188700 ms  DeleteObjects: 0.014200 ms)

AssetImportParameters requested are different than current active one (requested -> active):
  custom:graphics/normal-map-encoding: 01000000000000000000000000000000 -> 02000000000000000000000000000000
========================================================================
Received Prepare
Registering precompiled user dll's ...
Registered in 0.002101 seconds.
Begin MonoManager ReloadAssembly
Native extension for WindowsStandalone target not found
Refreshing native plugins compatible for Editor in 0.33 ms, found 0 plugins.
Preloading 0 native plugins for Editor in 0.00 ms.
Mono: successfully reloaded assembly
- Completed reload, in  0.679 seconds
Platform modules already initialized, skipping
Switching build target platform(5) subTarget(0) extendedPlatform(0) -> platform(13) subTarget(537395200) extendedPlatform(0)
Refreshing native plugins compatible for Editor in 0.35 ms, found 0 plugins.
Preloading 0 native plugins for Editor in 0.00 ms.
Unloading 1404 Unused Serialized files (Serialized files now loaded: 0)
System memory in use before: 82.0 MB.
System memory in use after: 82.1 MB.

Unloading 24 unused Assets to reduce memory usage. Loaded Objects now: 1875.
Total: 1.547500 ms (FindLiveObjects: 0.159000 ms CreateObjectMapping: 0.043000 ms MarkObjects: 1.329400 ms  DeleteObjects: 0.015100 ms)

AssetImportParameters requested are different than current active one (requested -> active):
  custom:graphics/normal-map-encoding: 01000000000000000000000000000000 -> 02000000000000000000000000000000
========================================================================
Received Prepare
Registering precompiled user dll's ...
Registered in 0.002219 seconds.
Begin MonoManager ReloadAssembly
Native extension for WindowsStandalone target not found
Refreshing native plugins compatible for Editor in 0.33 ms, found 0 plugins.
Preloading 0 native plugins for Editor in 0.00 ms.
Mono: successfully reloaded assembly
- Completed reload, in  0.694 seconds
Platform modules already initialized, skipping
Switching build target platform(5) subTarget(0) extendedPlatform(0) -> platform(13) subTarget(537395200) extendedPlatform(0)
Refreshing native plugins compatible for Editor in 0.33 ms, found 0 plugins.
Preloading 0 native plugins for Editor in 0.00 ms.
Unloading 1404 Unused Serialized files (Serialized files now loaded: 0)
System memory in use before: 82.0 MB.
System memory in use after: 82.1 MB.

Unloading 24 unused Assets to reduce memory usage. Loaded Objects now: 1878.
Total: 1.547100 ms (FindLiveObjects: 0.132900 ms CreateObjectMapping: 0.047500 ms MarkObjects: 1.350000 ms  DeleteObjects: 0.015800 ms)

AssetImportParameters requested are different than current active one (requested -> active):
  custom:graphics/normal-map-encoding: 01000000000000000000000000000000 -> 02000000000000000000000000000000
========================================================================
Received Import Request.
  Time since last request: 365.101504 seconds.
  path: Assets/Resources/Audio/Ball_hit_hoop.wav
  artifactKey: Guid(7e1f842bd578bfe448e98fe5b7bb59ad) Importer(815301076,1909f56bfc062723c751e8b465ee728b)
Start importing Assets/Resources/Audio/Ball_hit_hoop.wav using Guid(7e1f842bd578bfe448e98fe5b7bb59ad) Importer(815301076,1909f56bfc062723c751e8b465ee728b)  -> (artifact id: 'ccca7683744c4344da9dda41b78ad323') in 0.035552 seconds
  Import took 0.037701 seconds .

========================================================================
Received Import Request.
  Time since last request: 5.729689 seconds.
  path: Assets/Resources/Audio/Ball_hit_ground.mp3
  artifactKey: Guid(95bd6e15194a17248b5cc47beb9ef9b7) Importer(815301076,1909f56bfc062723c751e8b465ee728b)
Start importing Assets/Resources/Audio/Ball_hit_ground.mp3 using Guid(95bd6e15194a17248b5cc47beb9ef9b7) Importer(815301076,1909f56bfc062723c751e8b465ee728b)  -> (artifact id: '77c60ce0b062f57d2b306e5c7357dd0d') in 0.005466 seconds
  Import took 0.007435 seconds .

========================================================================
Received Import Request.
  Time since last request: 0.000266 seconds.
  path: Assets/Resources/Audio/Ball_hit_hoop.wav
  artifactKey: Guid(7e1f842bd578bfe448e98fe5b7bb59ad) Importer(815301076,1909f56bfc062723c751e8b465ee728b)
Start importing Assets/Resources/Audio/Ball_hit_hoop.wav using Guid(7e1f842bd578bfe448e98fe5b7bb59ad) Importer(815301076,1909f56bfc062723c751e8b465ee728b)  -> (artifact id: '0535ab719a24aa03a334bf74c440394e') in 0.005100 seconds
  Import took 0.006966 seconds .

========================================================================
Received Import Request.
  Time since last request: 0.000319 seconds.
  path: Assets/Resources/Audio/Ball_hit_ground.mp3
  artifactKey: Guid(95bd6e15194a17248b5cc47beb9ef9b7) Importer(815301076,1909f56bfc062723c751e8b465ee728b)
Start importing Assets/Resources/Audio/Ball_hit_ground.mp3 using Guid(95bd6e15194a17248b5cc47beb9ef9b7) Importer(815301076,1909f56bfc062723c751e8b465ee728b)  -> (artifact id: '77c60ce0b062f57d2b306e5c7357dd0d') in 0.005489 seconds
  Import took 0.007634 seconds .

========================================================================
Received Prepare
Registering precompiled user dll's ...
Registered in 0.002435 seconds.
Begin MonoManager ReloadAssembly
Native extension for WindowsStandalone target not found
Refreshing native plugins compatible for Editor in 0.33 ms, found 0 plugins.
Preloading 0 native plugins for Editor in 0.00 ms.
Mono: successfully reloaded assembly
- Completed reload, in  0.694 seconds
Platform modules already initialized, skipping
Switching build target platform(5) subTarget(0) extendedPlatform(0) -> platform(13) subTarget(537395200) extendedPlatform(0)
Refreshing native plugins compatible for Editor in 0.32 ms, found 0 plugins.
Preloading 0 native plugins for Editor in 0.00 ms.
Unloading 1404 Unused Serialized files (Serialized files now loaded: 0)
System memory in use before: 82.0 MB.
System memory in use after: 82.1 MB.

Unloading 24 unused Assets to reduce memory usage. Loaded Objects now: 1882.
Total: 1.458200 ms (FindLiveObjects: 0.131200 ms CreateObjectMapping: 0.035600 ms MarkObjects: 1.273200 ms  DeleteObjects: 0.016700 ms)

AssetImportParameters requested are different than current active one (requested -> active):
  custom:graphics/normal-map-encoding: 01000000000000000000000000000000 -> 02000000000000000000000000000000
========================================================================
Received Prepare
Registering precompiled user dll's ...
Registered in 0.002106 seconds.
Begin MonoManager ReloadAssembly
Native extension for WindowsStandalone target not found
Refreshing native plugins compatible for Editor in 0.32 ms, found 0 plugins.
Preloading 0 native plugins for Editor in 0.00 ms.
Mono: successfully reloaded assembly
- Completed reload, in  0.682 seconds
Platform modules already initialized, skipping
Switching build target platform(5) subTarget(0) extendedPlatform(0) -> platform(13) subTarget(537395200) extendedPlatform(0)
Refreshing native plugins compatible for Editor in 0.36 ms, found 0 plugins.
Preloading 0 native plugins for Editor in 0.00 ms.
Unloading 1404 Unused Serialized files (Serialized files now loaded: 0)
System memory in use before: 82.0 MB.
System memory in use after: 82.1 MB.

Unloading 24 unused Assets to reduce memory usage. Loaded Objects now: 1885.
Total: 1.469400 ms (FindLiveObjects: 0.149100 ms CreateObjectMapping: 0.047400 ms MarkObjects: 1.251600 ms  DeleteObjects: 0.019700 ms)

AssetImportParameters requested are different than current active one (requested -> active):
  custom:graphics/normal-map-encoding: 01000000000000000000000000000000 -> 02000000000000000000000000000000
